loaded blue 
loaded green 
loaded gray 
loaded yellow 

material     blue
ambient        0.0   0.0   5.0
diffuse        0.0   0.0   5.0
specular       0.0

material     green
ambient        0.0   6.0   0.0
diffuse        0.0   7.0   0.0
specular       1.0

material     gray
ambient        2.0   2.0   2.0
diffuse        0.0   0.0   0.0
specular       0.0

material     yellow
ambient        7.0   6.0   0.0
diffuse        7.0   7.0   0.0
specular       0.0

found blue 
ambient is:     0.000    0.000    5.000

found yellow 
ambient is:     7.000    6.000    0.000
mattest: mattest.c:72: main: Assertion `mat != ((void *)0)' failed.
