Error: Bad entity }camera       cam1
pixeldim       800   600
worlddim       8.0   6.0
viewpoint      4.0   3.0   3.0


material     seagreen
ambient        1.0   4.0   3.0
diffuse        4.0   3.0   0.0
specular       3.0


material     purple
ambient        2.0   0.0   4.0
diffuse        0.0   0.0   0.0
specular       0.0


material     white
ambient       10.0  10.0  10.0
diffuse        0.0   0.0   0.0
specular       0.0


material     black
ambient        0.0   0.0   0.0
diffuse        0.0   0.0   0.0
specular       0.0


material     yellow
ambient        5.0   4.0   0.0
diffuse        0.0   0.0   0.0
specular       0.0


material     green
ambient        0.0   5.0   0.0
diffuse        0.0   0.0   0.0
specular       0.0


sphere       head
material     seagreen
center         4.0   3.0  -5.0
radius         4.0

sphere       lefteye
material     white
center         3.0   4.0  -2.0
radius         1.0

sphere       righteye
material     white
center         5.0   4.0  -2.0
radius         1.0

sphere       leftpupil
material     black
center         3.0   4.0  -1.5
radius         0.6

sphere       rightpupil
material     black
center         5.0   4.0  -1.5
radius         0.6

sphere       mouth
material     black
center         4.0   2.5  -1.0
radius         0.2

tiled plane  floor
material     white
normal         0.0   8.0   0.0
point          0.0  -0.1   0.0

dimension      2.0   1.0
altmaterial  purple      

plane        leftwall
material     yellow
normal         5.0   0.0   0.5
point         -3.0   0.0   0.0

plane        rightwall
material     green
normal        -5.0   0.0   0.5
point         11.0   0.0   0.0

plane        backwall
material     purple
normal         0.0   0.0   1.0
point          4.0   3.0  -7.0
