camera       cam1 
pixeldim       800   600
worlddim       8.0   6.0
viewpoint      4.0   3.0   3.0 

material     head 
ambient        0.0   0.0   0.0 
diffuse        5.0   5.0   5.0 
specular       0.0 
shininess      0.0 
transparency   0.0 


material     purple 
ambient        2.0   0.0   4.0 
diffuse        0.0   0.0   0.0 
specular       0.0 
shininess      0.0 
transparency   0.0 


material     white 
ambient       10.0  10.0  10.0 
diffuse        5.0   5.0   5.0 
specular       0.0 
shininess      0.0 
transparency   0.0 


material     black 
ambient        0.0   0.0   0.0 
diffuse        0.0   0.0   0.0 
specular       0.0 
shininess      0.0 
transparency   0.0 


material     yellow 
ambient        5.0   4.0   0.0 
diffuse        0.0   0.0   0.0 
specular       0.0 
shininess      0.0 
transparency   0.0 


material     green 
ambient        0.0   5.0   0.0 
diffuse        0.0   0.0   0.0 
specular       0.0 
shininess      0.0 
transparency   0.0 


material     pink 
ambient        2.0   1.0   1.0 
diffuse        5.0   5.0   5.0 
specular       0.0 
shininess      0.0 
transparency   0.0 


material     red 
ambient        5.0   0.0   0.0 
diffuse        5.0   5.0   5.0 
specular       0.0 
shininess      0.0 
transparency   0.0 

sphere       nose 
material     red 
center         4.0   3.2  -1.5
radius         0.8

sphere       head 
material     pink 
center         4.0   3.0  -5.0
radius         4.0

sphere       lefteye 
material     white 
center         3.0   4.0  -2.0
radius         1.0

sphere       righteye 
material     white 
center         5.0   4.0  -2.0
radius         1.0

sphere       leftpupil 
material     black 
center         3.0   4.0  -1.5
radius         0.6

sphere       rightpupil 
material     black 
center         5.0   4.0  -1.5
radius         0.6

sphere       mouth 
material     black 
center         4.0   2.1  -1.0
radius         0.2

plane        leftwall 
material     yellow 
normal         1.0   0.0   0.1
point         -3.0   0.0   0.0

plane        rightwall 
material     green 
normal        -1.0   0.0   0.1
point         11.0   0.0   0.0

plane        backwall 
material     purple 
normal         0.0   0.0   1.0
point          4.0   3.0  -7.0

plane        floor 
material     red 
normal         0.0   1.0   0.0
point          4.0   0.0   0.0

light        front
location       4.0   7.0   3.0
emissivity     4.0   2.1   2.1

light        right
location       7.0   2.0  -2.0
emissivity     5.0   0.0   0.0

light        left
location       1.0   2.0  -2.0
emissivity     5.0   0.0   0.0

